Performing C SOURCE FILE Test CMAKE_HAVE_LIBC_PTHREAD failed with the following output:
Change Dir: /home/peter/CLionProjects/Taller sockets/cmake-build-debug/CMakeFiles/CMakeTmp

Run Build Command(s):/usr/bin/make cmTC_4ceff/fast && /usr/bin/make -f CMakeFiles/cmTC_4ceff.dir/build.make CMakeFiles/cmTC_4ceff.dir/build
make[1]: se entra en el directorio '/home/peter/CLionProjects/Taller sockets/cmake-build-debug/CMakeFiles/CMakeTmp'
Building C object CMakeFiles/cmTC_4ceff.dir/src.c.o
/usr/bin/cc   -DCMAKE_HAVE_LIBC_PTHREAD   -o CMakeFiles/cmTC_4ceff.dir/src.c.o   -c "/home/peter/CLionProjects/Taller sockets/cmake-build-debug/CMakeFiles/CMakeTmp/src.c"
Linking C executable cmTC_4ceff
/snap/clion/114/bin/cmake/linux/bin/cmake -E cmake_link_script CMakeFiles/cmTC_4ceff.dir/link.txt --verbose=1
/usr/bin/cc  -DCMAKE_HAVE_LIBC_PTHREAD    CMakeFiles/cmTC_4ceff.dir/src.c.o  -o cmTC_4ceff 
/usr/bin/ld: CMakeFiles/cmTC_4ceff.dir/src.c.o: en la función `main':
src.c:(.text+0x46): referencia a `pthread_create' sin definir
/usr/bin/ld: src.c:(.text+0x52): referencia a `pthread_detach' sin definir
/usr/bin/ld: src.c:(.text+0x63): referencia a `pthread_join' sin definir
collect2: error: ld returned 1 exit status
make[1]: *** [CMakeFiles/cmTC_4ceff.dir/build.make:87: cmTC_4ceff] Error 1
make[1]: se sale del directorio '/home/peter/CLionProjects/Taller sockets/cmake-build-debug/CMakeFiles/CMakeTmp'
make: *** [Makefile:121: cmTC_4ceff/fast] Error 2


Source file was:
#include <pthread.h>

void* test_func(void* data)
{
  return data;
}

int main(void)
{
  pthread_t thread;
  pthread_create(&thread, NULL, test_func, NULL);
  pthread_detach(thread);
  pthread_join(thread, NULL);
  pthread_atfork(NULL, NULL, NULL);
  pthread_exit(NULL);

  return 0;
}

Determining if the function pthread_create exists in the pthreads failed with the following output:
Change Dir: /home/peter/CLionProjects/Taller sockets/cmake-build-debug/CMakeFiles/CMakeTmp

Run Build Command(s):/usr/bin/make cmTC_59e57/fast && /usr/bin/make -f CMakeFiles/cmTC_59e57.dir/build.make CMakeFiles/cmTC_59e57.dir/build
make[1]: se entra en el directorio '/home/peter/CLionProjects/Taller sockets/cmake-build-debug/CMakeFiles/CMakeTmp'
Building C object CMakeFiles/cmTC_59e57.dir/CheckFunctionExists.c.o
/usr/bin/cc   -DCHECK_FUNCTION_EXISTS=pthread_create   -o CMakeFiles/cmTC_59e57.dir/CheckFunctionExists.c.o   -c /snap/clion/114/bin/cmake/linux/share/cmake-3.16/Modules/CheckFunctionExists.c
Linking C executable cmTC_59e57
/snap/clion/114/bin/cmake/linux/bin/cmake -E cmake_link_script CMakeFiles/cmTC_59e57.dir/link.txt --verbose=1
/usr/bin/cc  -DCHECK_FUNCTION_EXISTS=pthread_create    CMakeFiles/cmTC_59e57.dir/CheckFunctionExists.c.o  -o cmTC_59e57  -lpthreads 
/usr/bin/ld: no se puede encontrar -lpthreads
collect2: error: ld returned 1 exit status
make[1]: *** [CMakeFiles/cmTC_59e57.dir/build.make:87: cmTC_59e57] Error 1
make[1]: se sale del directorio '/home/peter/CLionProjects/Taller sockets/cmake-build-debug/CMakeFiles/CMakeTmp'
make: *** [Makefile:121: cmTC_59e57/fast] Error 2



